2018-04-20 20:36:50 INFO  BaseClass:72 - Launch Chrome Browser
2018-04-20 20:36:57 INFO  BaseClass:41 - Successfully Lunch the Application with the URL https://www.cleartrip.com/
2018-04-20 20:36:59 INFO  BaseClass:44 - Successfully maximize the window and delete all the cookies
2018-04-20 20:42:11 INFO  BaseClass:72 - Launch Chrome Browser
2018-04-20 20:42:22 INFO  BaseClass:41 - Successfully Lunch the Application with the URL https://www.cleartrip.com/
2018-04-20 20:42:23 INFO  BaseClass:44 - Successfully maximize the window and delete all the cookies
2018-04-20 20:44:19 INFO  BaseClass:95 - Closed the browser
2018-04-20 20:56:08 INFO  BaseClass:76 - Launch Chrome Browser
2018-04-20 20:56:13 INFO  BaseClass:45 - Successfully Lunch the Application with the URL https://www.cleartrip.com/
2018-04-20 20:56:15 INFO  BaseClass:48 - Successfully maximize the window and delete all the cookies
2018-04-20 20:56:21 INFO  BaseClass:99 - Closed the browser
2018-04-20 20:56:45 INFO  BaseClass:76 - Launch Chrome Browser
2018-04-20 20:56:51 INFO  BaseClass:45 - Successfully Lunch the Application with the URL https://www.cleartrip.com/
2018-04-20 20:56:53 INFO  BaseClass:48 - Successfully maximize the window and delete all the cookies
2018-04-20 20:57:25 INFO  BaseClass:99 - Closed the browser
2018-04-20 21:05:03 INFO  BaseClass:76 - Launch Chrome Browser
2018-04-20 21:05:08 INFO  BaseClass:45 - Successfully Lunch the Application with the URL https://www.cleartrip.com/
2018-04-20 21:05:10 INFO  BaseClass:48 - Successfully maximize the window and delete all the cookies
2018-04-20 21:28:25 INFO  BaseClass:77 - Launch Chrome Browser
2018-04-20 21:28:32 INFO  BaseClass:46 - Successfully Lunch the Application with the URL https://www.cleartrip.com/
2018-04-20 21:28:34 INFO  BaseClass:49 - Successfully maximize the window and delete all the cookies
2018-04-20 21:30:02 INFO  BaseClass:77 - Launch Chrome Browser
2018-04-20 21:30:41 INFO  BaseClass:77 - Launch Chrome Browser
2018-04-20 21:30:50 INFO  BaseClass:46 - Successfully Lunch the Application with the URL https://www.cleartrip.com/
2018-04-20 21:30:52 INFO  BaseClass:49 - Successfully maximize the window and delete all the cookies
2018-04-20 21:31:32 INFO  BaseClass:109 - [Ljava.lang.StackTraceElement;@4ced35ed
2018-04-20 21:31:32 INFO  BaseClass:148 - [Ljava.lang.StackTraceElement;@2c22a348
2018-04-20 21:31:49 INFO  BaseClass:77 - Launch Chrome Browser
2018-04-20 21:32:04 INFO  BaseClass:46 - Successfully Lunch the Application with the URL https://www.cleartrip.com/
2018-04-20 21:32:06 INFO  BaseClass:49 - Successfully maximize the window and delete all the cookies
2018-04-20 21:34:52 INFO  BaseClass:77 - Launch Chrome Browser
2018-04-20 21:35:00 INFO  BaseClass:46 - Successfully Lunch the Application with the URL https://www.cleartrip.com/
2018-04-20 21:35:02 INFO  BaseClass:49 - Successfully maximize the window and delete all the cookies
2018-04-20 21:35:34 INFO  BaseClass:77 - Launch Chrome Browser
2018-04-20 21:36:02 INFO  BaseClass:46 - Successfully Lunch the Application with the URL https://www.cleartrip.com/
2018-04-20 21:36:04 INFO  BaseClass:49 - Successfully maximize the window and delete all the cookies
2018-04-20 21:37:50 INFO  BaseClass:77 - Launch Chrome Browser
2018-04-20 21:38:19 INFO  BaseClass:46 - Successfully Lunch the Application with the URL https://www.cleartrip.com/
2018-04-20 21:38:20 INFO  BaseClass:49 - Successfully maximize the window and delete all the cookies
